<?xml version="1.0" encoding="UTF-8"?>
<testng-results skipped="0" failed="0" ignored="0" total="1" passed="1">
  <reporter-output>
  </reporter-output>
  <suite name="Suite" duration-ms="11225" started-at="2018-06-28T12:39:52Z" finished-at="2018-06-28T12:40:03Z">
    <groups>
    </groups>
    <test name="Test" duration-ms="11225" started-at="2018-06-28T12:39:52Z" finished-at="2018-06-28T12:40:03Z">
      <class name="google.search">
        <test-method status="PASS" signature="search()[pri:0, instance:google.search@74ad1f1f]" name="search" duration-ms="11203" started-at="2018-06-28T12:39:52Z" finished-at="2018-06-28T12:40:03Z">
          <reporter-output>
          </reporter-output>
        </test-method> <!-- search -->
      </class> <!-- google.search -->
    </test> <!-- Test -->
  </suite> <!-- Suite -->
</testng-results>
